<?xml version="1.0" encoding="UTF-8"?>
<!-- Generated by org.testng.reporters.JUnitXMLReporter -->
<testsuite ignored="0" hostname="NIS-PK608s-MacBook-Pro.local" failures="1" tests="2" name="Regression Test Suit" time="13.654" errors="0" timestamp="2022-04-26T15:30:32 PKT">
  <testcase classname="com.arbisoft.testcases.HomeTestCases" name="validInputs" time="5.385"/>
  <testcase classname="com.arbisoft.testcases.HomeTestCases" name="invalidInputs" time="0.269">
    <failure type="java.lang.AssertionError" message="expected [Swag Labss] but found [Swag Labs]">
      <![CDATA[java.lang.AssertionError: expected [Swag Labss] but found [Swag Labs]
at com.arbisoft.pageobjects.HomePage.invalidCredentials(HomePage.java:51)
at com.arbisoft.testcases.HomeTestCases.invalidInputs(HomeTestCases.java:54)
at java.base/java.util.ArrayList.forEach(ArrayList.java:1511)
... Removed 31 stack frames]]>
    </failure>
  </testcase> <!-- invalidInputs -->
</testsuite> <!-- Regression Test Suit -->
